2025-12-30 16:42:59 Loading main app package /usr/lib/obsidian/obsidian.asar
2025-12-30 16:43:00 Checking for update using Github
2025-12-30 16:43:00 Success.
2025-12-30 16:43:00 Latest version is 1.10.6
2025-12-30 16:43:00 App is up to date.
2025-12-30 17:42:59 Checking for update using Github
2025-12-30 17:42:59 Success.
2025-12-30 17:42:59 Latest version is 1.10.6
2025-12-30 17:42:59 App is up to date.
2025-12-30 18:42:59 Checking for update using Github
2025-12-30 18:42:59 Success.
2025-12-30 18:42:59 Latest version is 1.10.6
2025-12-30 18:42:59 App is up to date.
2025-12-30 19:42:59 Checking for update using Github
2025-12-30 19:42:59 Success.
2025-12-30 19:42:59 Latest version is 1.10.6
2025-12-30 19:42:59 App is up to date.
2025-12-30 19:56:00 Loading main app package /usr/lib/obsidian/obsidian.asar
2025-12-30 19:56:00 Checking for update using Github
2025-12-30 19:56:01 Success.
2025-12-30 19:56:01 Latest version is 1.10.6
2025-12-30 19:56:01 App is up to date.
2025-12-30 19:57:05 Loading main app package /usr/lib/obsidian/obsidian.asar
2025-12-30 19:57:05 Checking for update using Github
2025-12-30 19:57:05 Success.
2025-12-30 19:57:05 Latest version is 1.10.6
2025-12-30 19:57:05 App is up to date.
